mode: set
github.com/roppenlabs/dobby-service/internal/helloworld/handler.go:13.37,17.2 1 1
github.com/roppenlabs/dobby-service/internal/helloworld/handler.go:19.55,21.2 1 1
github.com/roppenlabs/dobby-service/internal/helloworld/routes.go:5.50,7.2 1 1
github.com/roppenlabs/dobby-service/internal/helloworld/service.go:10.27,12.2 1 1
github.com/roppenlabs/dobby-service/internal/helloworld/service.go:14.43,16.2 1 1
github.com/roppenlabs/dobby-service/internal/helloworld/service_mock.go:15.44,19.46 3 1
github.com/roppenlabs/dobby-service/internal/helloworld/service_mock.go:19.46,21.3 1 0
github.com/roppenlabs/dobby-service/internal/helloworld/service_mock.go:21.8,23.3 1 1
github.com/roppenlabs/dobby-service/internal/helloworld/service_mock.go:25.2,25.11 1 1
